\BOOKMARK [1][-]{section.1}{\376\377\000D\000a\000t\000a\000\040\000a\000n\000d\000\040\000c\000o\000o\000r\000d\000i\000n\000a\000t\000e\000\040\000c\000o\000n\000v\000e\000n\000t\000i\000o\000n\000s}{}% 1
\BOOKMARK [1][-]{section.2}{\376\377\000A\000x\000i\000s\000\040\000a\000l\000i\000g\000n\000m\000e\000n\000t\000\040\000a\000n\000d\000\040\000p\000r\000e\000f\000e\000r\000r\000e\000d\000\040\000d\000i\000r\000e\000c\000t\000i\000o\000n\000\040\000t\000e\000s\000t\000s}{}% 2
\BOOKMARK [2][-]{subsection.2.1}{\376\377\000U\000n\000i\000f\000i\000e\000d\000\040\000a\000x\000i\000s\000\040\000e\000s\000t\000i\000m\000a\000t\000i\000o\000n\000\040\000a\000n\000d\000\040\000t\000h\000r\000e\000e\000-\000w\000a\000y\000\040\000a\000l\000i\000g\000n\000m\000e\000n\000t}{section.2}% 3
\BOOKMARK [2][-]{subsection.2.2}{\376\377\000F\000R\000B\040\023\000C\000M\000B\000\040\000a\000x\000i\000s\000\040\000d\000i\000a\000g\000n\000o\000s\000t\000i\000c\000s}{section.2}% 4
\BOOKMARK [1][-]{section.3}{\376\377\000R\000a\000d\000i\000a\000l\000\040\000s\000t\000r\000u\000c\000t\000u\000r\000e\000\040\000a\000n\000d\000\040\000c\000o\000n\000e\000-\000l\000i\000k\000e\000\040\000g\000e\000o\000m\000e\000t\000r\000y}{}% 5
\BOOKMARK [2][-]{subsection.3.1}{\376\377\000S\000h\000e\000l\000l\000\040\000s\000c\000a\000n\000s\000\040\000a\000n\000d\000\040\000c\000o\000n\000e\000\040\000f\000i\000t\000s}{section.3}% 6
\BOOKMARK [2][-]{subsection.3.2}{\376\377\000A\000x\000i\000s\000\040\000r\000a\000n\000d\000o\000m\000i\000z\000a\000t\000i\000o\000n\000\040\000a\000n\000d\000\040\000c\000o\000n\000e\000-\000a\000x\000i\000s\000\040\000s\000o\000l\000v\000e\000r}{section.3}% 7
\BOOKMARK [1][-]{section.4}{\376\377\000F\000o\000o\000t\000p\000r\000i\000n\000t\000\040\000c\000o\000r\000r\000e\000c\000t\000i\000o\000n\000\040\000a\000n\000d\000\040\000r\000e\000s\000i\000d\000u\000a\000l\000\040\000s\000t\000r\000u\000c\000t\000u\000r\000e}{}% 8
\BOOKMARK [1][-]{section.5}{\376\377\000P\000a\000r\000a\000m\000e\000t\000e\000r\000\040\000c\000o\000r\000r\000e\000l\000a\000t\000i\000o\000n\000s\000\040\000a\000n\000d\000\040\000w\000i\000d\000t\000h\000\040\000l\000a\000y\000e\000r\000i\000n\000g}{}% 9
\BOOKMARK [1][-]{section.6}{\376\377\000O\000t\000h\000e\000r\000\040\000p\000h\000y\000s\000i\000c\000a\000l\000\040\000p\000r\000o\000x\000i\000e\000s}{}% 10
\BOOKMARK [1][-]{section.7}{\376\377\000A\000n\000g\000u\000l\000a\000r\000\040\000p\000o\000w\000e\000r\000,\000\040\000m\000u\000l\000t\000i\000p\000o\000l\000e\000s\000,\000\040\000a\000n\000d\000\040\000s\000h\000a\000p\000e\000s}{}% 11
\BOOKMARK [1][-]{section.8}{\376\377\000S\000t\000a\000b\000i\000l\000i\000t\000y\000\040\000t\000e\000s\000t\000s\000\040\000a\000n\000d\000\040\000h\000e\000m\000i\000s\000p\000h\000e\000r\000e\000\040\000j\000a\000c\000k\000k\000n\000i\000f\000e}{}% 12
\BOOKMARK [1][-]{section.9}{\376\377\000U\000n\000i\000f\000i\000e\000d\000\040\000a\000x\000i\000s\000\040\000s\000t\000a\000c\000k\000i\000n\000g}{}% 13
\BOOKMARK [1][-]{section.10}{\376\377\000U\000n\000i\000f\000i\000e\000d\000\040\000c\000o\000s\000m\000i\000c\000\040\000l\000i\000k\000e\000l\000i\000h\000o\000o\000d\000\040\000a\000g\000g\000r\000e\000g\000a\000t\000i\000o\000n}{}% 14
\BOOKMARK [2][-]{subsection.10.1}{\376\377\000A\000S\000K\000A\000P\000\040\000d\000i\000p\000o\000l\000e\000\040\000a\000n\000d\000\040\000t\000h\000e\000\040\000r\000o\000l\000e\000\040\000o\000f\000\040\000t\000h\000e\000\040\000s\000u\000r\000v\000e\000y\000\040\000f\000o\000o\000t\000p\000r\000i\000n\000t}{section.10}% 15
\BOOKMARK [2][-]{subsection.10.2}{\376\377\000G\000l\000o\000b\000a\000l\000\040\000F\000R\000B\000\040\000d\000i\000p\000o\000l\000e\000\040\000a\000m\000p\000l\000i\000t\000u\000d\000e\000s\000\040\000u\000n\000d\000e\000r\000\040\000s\000u\000r\000v\000e\000y\000\040\000g\000e\000o\000m\000e\000t\000r\000y}{section.10}% 16
\BOOKMARK [1][-]{section.11}{\376\377\000R\000e\000s\000u\000l\000t\000s}{}% 17
\BOOKMARK [2][-]{subsection.11.1}{\376\377\0001\000.\000\040\000S\000h\000e\000l\000l\000\040\000a\000n\000i\000s\000o\000t\000r\000o\000p\000y\000\040\000a\000n\000d\000\040\000l\000o\000c\000a\000l\040\023\000c\000o\000s\000m\000o\000l\000o\000g\000i\000c\000a\000l\000\040\000t\000e\000s\000t\000s}{section.11}% 18
\BOOKMARK [2][-]{subsection.11.2}{\376\377\0002\000.\000\040\000D\000i\000p\000o\000l\000e\000\040\000s\000u\000b\000t\000r\000a\000c\000t\000i\000o\000n}{section.11}% 19
\BOOKMARK [2][-]{subsection.11.3}{\376\377\0003\000.\000\040\000L\000o\000p\000s\000i\000d\000e\000d\000\040\000\050\000a\000z\000i\000m\000u\000t\000h\000a\000l\000\051\000\040\000s\000t\000r\000u\000c\000t\000u\000r\000e}{section.11}% 20
\BOOKMARK [2][-]{subsection.11.4}{\376\377\0004\000.\000\040\000H\000a\000r\000m\000o\000n\000i\000c\000\040\000r\000e\000c\000o\000n\000s\000t\000r\000u\000c\000t\000i\000o\000n\000\040\000u\000p\000\040\000t\000o\000\040\000=\0004}{section.11}% 21
\BOOKMARK [2][-]{subsection.11.5}{\376\377\0005\000.\000\040\0002\000D\000\040\000r\000e\000s\000i\000d\000u\000a\000l\000\040\000m\000a\000p}{section.11}% 22
\BOOKMARK [2][-]{subsection.11.6}{\376\377\0006\000.\000\040\0002\000D\000\040\000h\000a\000r\000m\000o\000n\000i\000c\000-\000s\000h\000e\000l\000l\000\040\000f\000i\000t}{section.11}% 23
\BOOKMARK [2][-]{subsection.11.7}{\376\377\000L\000o\000c\000a\000l\000\040\000v\000e\000r\000s\000u\000s\000\040\000c\000o\000s\000m\000o\000l\000o\000g\000i\000c\000a\000l\000\040\000c\000o\000m\000p\000o\000n\000e\000n\000t\000s}{section.11}% 24
\BOOKMARK [2][-]{subsection.11.8}{\376\377\000R\000o\000b\000u\000s\000t\000n\000e\000s\000s\000\040\000u\000n\000d\000e\000r\000\040\000G\000a\000l\000a\000c\000t\000i\000c\000\040\000a\000n\000d\000\040\000e\000c\000l\000i\000p\000t\000i\000c\000\040\000m\000a\000s\000k\000s}{section.11}% 25
\BOOKMARK [2][-]{subsection.11.9}{\376\377\000R\000e\000d\000s\000h\000i\000f\000t\040\023\000s\000p\000l\000i\000t\000\040\000m\000u\000l\000t\000i\000p\000o\000l\000e\000s}{section.11}% 26
\BOOKMARK [2][-]{subsection.11.10}{\376\377\000C\000r\000o\000s\000s\000-\000m\000e\000s\000s\000e\000n\000g\000e\000r\000\040\000n\000e\000u\000t\000r\000i\000n\000o\000\040\000n\000u\000l\000l\000\040\000t\000e\000s\000t}{section.11}% 27
\BOOKMARK [2][-]{subsection.11.11}{\376\377\000G\000a\000l\000a\000c\000t\000i\000c\000-\000p\000l\000a\000n\000e\000\040\000m\000a\000s\000k\000i\000n\000g}{section.11}% 28
\BOOKMARK [2][-]{subsection.11.12}{\376\377\000E\000c\000l\000i\000p\000t\000i\000c\000-\000p\000l\000a\000n\000e\000\040\000m\000a\000s\000k\000i\000n\000g}{section.11}% 29
\BOOKMARK [2][-]{subsection.11.13}{\376\377\000S\000u\000p\000e\000r\000g\000a\000l\000a\000c\000t\000i\000c\000-\000p\000l\000a\000n\000e\000\040\000m\000a\000s\000k\000i\000n\000g\000\040\000a\000n\000d\000\040\000l\000o\000c\000a\000l\000-\000s\000t\000r\000u\000c\000t\000u\000r\000e\000\040\000d\000i\000s\000c\000r\000i\000m\000i\000n\000a\000t\000i\000o\000n}{section.11}% 30
\BOOKMARK [2][-]{subsection.11.14}{\376\377\000F\000R\000B\040\023\000C\000M\000B\000\040\000d\000i\000p\000o\000l\000e\000\040\000c\000o\000r\000r\000e\000l\000a\000t\000i\000o\000n}{section.11}% 31
\BOOKMARK [2][-]{subsection.11.15}{\376\377\000D\000i\000p\000o\000l\000e\040\023\000s\000u\000b\000t\000r\000a\000c\000t\000e\000d\000\040\000s\000h\000e\000l\000l\000\040\000t\000e\000s\000t}{section.11}% 32
\BOOKMARK [2][-]{subsection.11.16}{\376\377\000S\000e\000l\000e\000c\000t\000i\000o\000n\000-\000f\000u\000n\000c\000t\000i\000o\000n\000\040\000f\000o\000r\000w\000a\000r\000d\000\040\000m\000o\000d\000e\000l\000l\000i\000n\000g}{section.11}% 33
\BOOKMARK [2][-]{subsection.11.17}{\376\377\000f\000u\000l\000l\000-\000s\000k\000y\000\040\000s\000p\000h\000e\000r\000i\000c\000a\000l\000-\000h\000a\000r\000m\000o\000n\000i\000c\000\040\000d\000e\000c\000o\000m\000p\000o\000s\000i\000t\000i\000o\000n}{section.11}% 34
\BOOKMARK [2][-]{subsection.11.18}{\376\377\000S\000h\000a\000p\000e\000\040\000o\000f\000\040\000t\000h\000e\000\040\000F\000R\000B\000\040\000a\000n\000i\000s\000o\000t\000r\000o\000p\000y}{section.11}% 35
\BOOKMARK [3][-]{subsubsection.11.18.1}{\376\377\000L\000o\000p\000s\000i\000d\000e\000d\000\040\000s\000h\000e\000l\000l\000\040\000s\000t\000r\000u\000c\000t\000u\000r\000e}{subsection.11.18}% 36
\BOOKMARK [3][-]{subsubsection.11.18.2}{\376\377\000W\000a\000r\000p\000e\000d\000-\000s\000h\000e\000l\000l\000\040\000r\000a\000d\000i\000u\000s\000\040\000R\000\050\000\051}{subsection.11.18}% 37
\BOOKMARK [3][-]{subsubsection.11.18.3}{\376\377\000I\000n\000d\000e\000p\000e\000n\000d\000e\000n\000c\000e\000\040\000f\000r\000o\000m\000\040\000d\000i\000p\000o\000l\000e\000\040\000a\000n\000d\000\040\000f\000o\000r\000e\000g\000r\000o\000u\000n\000d\000s}{subsection.11.18}% 38
\BOOKMARK [3][-]{subsubsection.11.18.4}{\376\377\000I\000n\000t\000e\000r\000p\000r\000e\000t\000a\000t\000i\000o\000n}{subsection.11.18}% 39
\BOOKMARK [2][-]{subsection.11.19}{\376\377\000C\000o\000s\000m\000o\000l\000o\000g\000i\000c\000a\000l\000\040\000m\000o\000d\000e\000l\000\040\000c\000o\000m\000p\000a\000r\000i\000s\000o\000n}{section.11}% 40
\BOOKMARK [1][-]{section.12}{\376\377\000C\000o\000s\000m\000o\000l\000o\000g\000y\000-\000m\000o\000d\000e\000l\000\040\000i\000n\000t\000e\000r\000p\000r\000e\000t\000a\000t\000i\000o\000n}{}% 41
\BOOKMARK [2][-]{subsection.12.1}{\376\377\000P\000h\000y\000s\000i\000c\000a\000l\000\040\000m\000e\000a\000n\000i\000n\000g}{section.12}% 42
\BOOKMARK [2][-]{subsection.12.2}{\376\377\000R\000e\000l\000a\000t\000i\000o\000n\000\040\000t\000o\000\040\000s\000e\000l\000e\000c\000t\000i\000o\000n\000-\000f\000u\000n\000c\000t\000i\000o\000n\000\040\000t\000e\000s\000t\000s}{section.12}% 43
\BOOKMARK [2][-]{subsection.12.3}{\376\377\000I\000m\000p\000l\000i\000c\000a\000t\000i\000o\000n\000s}{section.12}% 44
\BOOKMARK [1][-]{section.13}{\376\377\000D\000i\000s\000c\000u\000s\000s\000i\000o\000n}{}% 45
\BOOKMARK [1][-]{section.14}{\376\377\000B\000a\000y\000e\000s\000i\000a\000n\000\040\000e\000v\000i\000d\000e\000n\000c\000e\000\040\000c\000o\000m\000p\000a\000r\000i\000s\000o\000n\000\040\000\050\000t\000e\000s\000t\000\040\0006\000\051}{}% 46
\BOOKMARK [2][-]{subsection.14.1}{\376\377\0007\000.\000\040\000N\000e\000s\000t\000e\000d\000-\000S\000a\000m\000p\000l\000i\000n\000g\000\040\000B\000a\000y\000e\000s\000i\000a\000n\000\040\000E\000v\000i\000d\000e\000n\000c\000e\000\040\000T\000e\000s\000t}{section.14}% 47
\BOOKMARK [2][-]{subsection.14.2}{\376\377\000U\000n\000i\000f\000i\000e\000d\000\040\000B\000a\000y\000e\000s\000i\000a\000n\000\040\000A\000n\000i\000s\000o\000t\000r\000o\000p\000y\000\040\000E\000v\000i\000d\000e\000n\000c\000e\000\040\000\050\000T\000e\000s\000t\000\040\0008\000\051}{section.14}% 48
\BOOKMARK [1][-]{section.15}{\376\377\000L\000o\000w\000-\000\040\000H\000a\000r\000m\000o\000n\000i\000c\000\040\000R\000e\000c\000o\000n\000s\000t\000r\000u\000c\000t\000i\000o\000n\000\040\000\050\000T\000e\000s\000t\000\040\0009\000\051}{}% 49
\BOOKMARK [2][-]{subsection.15.1}{\376\377\000I\000n\000t\000e\000r\000p\000r\000e\000t\000a\000t\000i\000o\000n}{section.15}% 50
\BOOKMARK [1][-]{section.16}{\376\377\000C\000o\000m\000b\000i\000n\000e\000d\000\040\000A\000n\000i\000s\000o\000t\000r\000o\000p\000y\000-\000L\000i\000k\000e\000l\000i\000h\000o\000o\000d\000\040\000S\000y\000n\000t\000h\000e\000s\000i\000s}{}% 51
\BOOKMARK [2][-]{subsection.16.1}{\376\377\0001\000.\000\040\000R\000a\000d\000i\000a\000l\000\040\000a\000n\000d\000\040\000a\000z\000i\000m\000u\000t\000h\000a\000l\000\040\000s\000t\000r\000u\000c\000t\000u\000r\000e}{section.16}% 52
\BOOKMARK [2][-]{subsection.16.2}{\376\377\0002\000.\000\040\000I\000n\000d\000e\000p\000e\000n\000d\000e\000n\000c\000e\000\040\000f\000r\000o\000m\000\040\000l\000o\000c\000a\000l\000\040\000p\000l\000a\000n\000e\000s\000\040\000a\000n\000d\000\040\000s\000u\000r\000v\000e\000y\000\040\000g\000e\000o\000m\000e\000t\000r\000y}{section.16}% 53
\BOOKMARK [2][-]{subsection.16.3}{\376\377\0003\000.\000\040\000R\000e\000d\000s\000h\000i\000f\000t\000\040\000s\000t\000a\000b\000i\000l\000i\000t\000y}{section.16}% 54
\BOOKMARK [2][-]{subsection.16.4}{\376\377\0004\000.\000\040\000B\000a\000y\000e\000s\000i\000a\000n\000\040\000m\000o\000d\000e\000l\000\040\000s\000e\000l\000e\000c\000t\000i\000o\000n}{section.16}% 55
\BOOKMARK [2][-]{subsection.16.5}{\376\377\0005\000.\000\040\000L\000o\000w\000-\000\040\000h\000a\000r\000m\000o\000n\000i\000c\000\040\000e\000v\000i\000d\000e\000n\000c\000e}{section.16}% 56
\BOOKMARK [2][-]{subsection.16.6}{\376\377\000U\000n\000i\000f\000i\000e\000d\000\040\000l\000i\000k\000e\000l\000i\000h\000o\000o\000d}{section.16}% 57
\BOOKMARK [2][-]{subsection.16.7}{\376\377\000S\000u\000m\000m\000a\000r\000y\000\040\000o\000f\000\040\000s\000y\000n\000t\000h\000e\000s\000i\000s}{section.16}% 58
\BOOKMARK [2][-]{subsection.16.8}{\376\377\000L\000o\000w\000-\000\040\000m\000u\000l\000t\000i\000p\000o\000l\000e\000\040\000c\000r\000o\000s\000s\000-\000c\000o\000r\000r\000e\000l\000a\000t\000i\000o\000n\000\040\000b\000e\000t\000w\000e\000e\000n\000\040\000r\000e\000d\000s\000h\000i\000f\000t\000\040\000s\000l\000i\000c\000e\000s\000\040\000\050\000T\000e\000s\000t\000\040\0001\0001\000\051}{section.16}% 59
\BOOKMARK [2][-]{subsection.16.9}{\376\377\0001\0002\000.\000\040\000G\000l\000o\000b\000a\000l\000\040\000a\000n\000i\000s\000o\000t\000r\000o\000p\000y\000\040\000l\000i\000k\000e\000l\000i\000h\000o\000o\000d\000\040\000s\000y\000n\000t\000h\000e\000s\000i\000s}{section.16}% 60
\BOOKMARK [1][-]{section.17}{\376\377\000T\000e\000s\000t\000\040\0001\0005\000:\000\040\000T\000h\000r\000e\000e\000-\000d\000i\000m\000e\000n\000s\000i\000o\000n\000a\000l\000\040\000s\000p\000h\000e\000r\000i\000c\000a\000l\040\023\000B\000e\000s\000s\000e\000l\000\040\000t\000o\000m\000o\000g\000r\000a\000p\000h\000y}{}% 61
\BOOKMARK [1][-]{section.18}{\376\377\000V\000e\000c\000t\000o\000r\040\023\000S\000p\000h\000e\000r\000i\000c\000a\000l\040\023\000H\000a\000r\000m\000o\000n\000i\000c\000\040\000H\000e\000l\000i\000c\000i\000t\000y\000\040\000T\000e\000s\000t\000\040\000\050\000T\000e\000s\000t\000\040\0001\0006\000\051}{}% 62
\BOOKMARK [2][-]{subsection.18.1}{\376\377\000M\000e\000t\000h\000o\000d}{section.18}% 63
\BOOKMARK [2][-]{subsection.18.2}{\376\377\000R\000e\000s\000u\000l\000t\000s}{section.18}% 64
\BOOKMARK [2][-]{subsection.18.3}{\376\377\000S\000c\000i\000e\000n\000t\000i\000f\000i\000c\000\040\000I\000n\000t\000e\000r\000p\000r\000e\000t\000a\000t\000i\000o\000n}{section.18}% 65
\BOOKMARK [2][-]{subsection.18.4}{\376\377\000F\000i\000g\000u\000r\000e}{section.18}% 66
\BOOKMARK [2][-]{subsection.18.5}{\376\377\000C\000o\000n\000c\000l\000u\000s\000i\000o\000n}{section.18}% 67
\BOOKMARK [1][-]{section.19}{\376\377\000U\000n\000i\000f\000i\000e\000d\000-\000A\000x\000i\000s\000\040\000F\000i\000s\000h\000e\000r\000\040\000C\000u\000r\000v\000a\000t\000u\000r\000e\000\040\000T\000e\000s\000t\000\040\000\050\000T\000e\000s\000t\000\040\0001\0007\000\051}{}% 68
\BOOKMARK [1][-]{section.20}{\376\377\000M\000a\000s\000t\000e\000r\000\040\000C\000o\000m\000b\000i\000n\000e\000d\000\040\000A\000n\000i\000s\000o\000t\000r\000o\000p\000y\000\040\000L\000i\000k\000e\000l\000i\000h\000o\000o\000d\000\040\000\050\000F\000i\000n\000a\000l\000\040\000T\000e\000s\000t\000\051}{}% 69
\BOOKMARK [2][-]{subsection.20.1}{\376\377\000C\000o\000r\000e\000\040\000E\000v\000i\000d\000e\000n\000c\000e\000\040\000T\000e\000s\000t\000s}{section.20}% 70
\BOOKMARK [2][-]{subsection.20.2}{\376\377\000D\000i\000a\000g\000n\000o\000s\000t\000i\000c\000\040\000/\000\040\000N\000e\000u\000t\000r\000a\000l\000\040\000T\000e\000s\000t\000s}{section.20}% 71
\BOOKMARK [2][-]{subsection.20.3}{\376\377\000S\000c\000i\000e\000n\000t\000i\000f\000i\000c\000\040\000I\000n\000t\000e\000r\000p\000r\000e\000t\000a\000t\000i\000o\000n}{section.20}% 72
\BOOKMARK [1][-]{section.21}{\376\377\000L\000a\000r\000g\000e\040\023\000S\000c\000a\000l\000e\000\040\000/\000\040\000S\000m\000a\000l\000l\040\023\000S\000c\000a\000l\000e\000\040\000M\000o\000d\000e\000\040\000C\000o\000u\000p\000l\000i\000n\000g\000\040\000\050\000T\000e\000s\000t\000\040\0002\0000\000\051}{}% 73
\BOOKMARK [2][-]{subsection.21.1}{\376\377\000M\000e\000t\000h\000o\000d}{section.21}% 74
\BOOKMARK [2][-]{subsection.21.2}{\376\377\000R\000e\000s\000u\000l\000t\000s}{section.21}% 75
\BOOKMARK [2][-]{subsection.21.3}{\376\377\000S\000c\000i\000e\000n\000t\000i\000f\000i\000c\000\040\000I\000n\000t\000e\000r\000p\000r\000e\000t\000a\000t\000i\000o\000n}{section.21}% 76
\BOOKMARK [2][-]{subsection.21.4}{\376\377\000C\000o\000n\000c\000l\000u\000s\000i\000o\000n}{section.21}% 77
\BOOKMARK [1][-]{section.22}{\376\377\000M\000a\000g\000n\000e\000t\000i\000c\040\023\000F\000i\000e\000l\000d\000\040\000A\000l\000i\000g\000n\000m\000e\000n\000t\000\040\000T\000e\000s\000t\000\040\000\050\000T\000e\000s\000t\000\040\0002\0001\000\051}{}% 78
\BOOKMARK [2][-]{subsection.22.1}{\376\377\000R\000e\000s\000u\000l\000t\000s}{section.22}% 79
\BOOKMARK [2][-]{subsection.22.2}{\376\377\000S\000c\000i\000e\000n\000t\000i\000f\000i\000c\000\040\000I\000n\000t\000e\000r\000p\000r\000e\000t\000a\000t\000i\000o\000n}{section.22}% 80
\BOOKMARK [1][-]{section.23}{\376\377\000C\000o\000s\000m\000i\000c\000\040\000B\000u\000l\000k\040\023\000F\000l\000o\000w\000\040\000A\000l\000i\000g\000n\000m\000e\000n\000t\000\040\000T\000e\000s\000t\000\040\000\050\000T\000e\000s\000t\000\040\0002\0002\000\051}{}% 81
\BOOKMARK [2][-]{subsection.23.1}{\376\377\000M\000e\000t\000h\000o\000d}{section.23}% 82
\BOOKMARK [2][-]{subsection.23.2}{\376\377\000R\000e\000s\000u\000l\000t\000s}{section.23}% 83
\BOOKMARK [2][-]{subsection.23.3}{\376\377\000I\000n\000t\000e\000r\000p\000r\000e\000t\000a\000t\000i\000o\000n}{section.23}% 84
\BOOKMARK [1][-]{section.24}{\376\377\000I\000n\000s\000t\000r\000u\000m\000e\000n\000t\000a\000l\000\040\000a\000n\000d\000\040\000S\000e\000l\000e\000c\000t\000i\000o\000n\040\023\000F\000u\000n\000c\000t\000i\000o\000n\000\040\000S\000y\000s\000t\000e\000m\000a\000t\000i\000c\000s}{}% 85
\BOOKMARK [2][-]{subsection.24.1}{\376\377\000P\000l\000a\000n\000e\000\040\000M\000a\000s\000k\000s\000\040\000a\000n\000d\000\040\000F\000o\000o\000t\000p\000r\000i\000n\000t\000\040\000S\000a\000n\000i\000t\000y\000\040\000C\000h\000e\000c\000k\000s}{section.24}% 86
\BOOKMARK [2][-]{subsection.24.2}{\376\377\000E\000x\000p\000l\000i\000c\000i\000t\000\040\000S\000u\000r\000v\000e\000y\000\040\000S\000e\000l\000e\000c\000t\000i\000o\000n\040\023\000F\000u\000n\000c\000t\000i\000o\000n\000\040\000T\000e\000s\000t\000s}{section.24}% 87
\BOOKMARK [2][-]{subsection.24.3}{\376\377\000C\000r\000o\000s\000s\000-\000I\000n\000s\000t\000r\000u\000m\000e\000n\000t\000\040\000a\000n\000d\000\040\000S\000u\000r\000v\000e\000y\000-\000S\000u\000b\000s\000e\000t\000\040\000T\000e\000s\000t\000s}{section.24}% 88
\BOOKMARK [2][-]{subsection.24.4}{\376\377\000R\000e\000d\000s\000h\000i\000f\000t\000\040\000a\000n\000d\000\040\000T\000h\000r\000e\000e\000-\000D\000i\000m\000e\000n\000s\000i\000o\000n\000a\000l\000\040\000S\000t\000r\000u\000c\000t\000u\000r\000e\000\040\000C\000h\000e\000c\000k\000s}{section.24}% 89
\BOOKMARK [2][-]{subsection.24.5}{\376\377\000H\000a\000r\000m\000o\000n\000i\000c\000,\000\040\000H\000e\000l\000i\000c\000i\000t\000y\000,\000\040\000a\000n\000d\000\040\000M\000u\000l\000t\000i\000-\000S\000c\000a\000l\000e\000\040\000C\000o\000n\000s\000i\000s\000t\000e\000n\000c\000y\000\040\000T\000e\000s\000t\000s}{section.24}% 90
\BOOKMARK [2][-]{subsection.24.6}{\376\377\000J\000a\000c\000k\000k\000n\000i\000f\000e\000\040\000S\000t\000a\000b\000i\000l\000i\000t\000y\000\040\000T\000e\000s\000t\000s}{section.24}% 91
\BOOKMARK [2][-]{subsection.24.7}{\376\377\000E\000x\000t\000e\000r\000n\000a\000l\000-\000E\000n\000v\000i\000r\000o\000n\000m\000e\000n\000t\000\040\000A\000l\000i\000g\000n\000m\000e\000n\000t\000\040\000T\000e\000s\000t\000s}{section.24}% 92
\BOOKMARK [2][-]{subsection.24.8}{\376\377\000S\000u\000m\000m\000a\000r\000y}{section.24}% 93
\BOOKMARK [1][-]{section.25}{\376\377\000H\000e\000l\000i\000c\000a\000l\000\040\000P\000h\000a\000s\000e\000\040\000a\000n\000d\000\040\000H\000a\000r\000m\000o\000n\000i\000c\000\040\000S\000t\000r\000u\000c\000t\000u\000r\000e\000\040\000T\000e\000s\000t\000s\000\040\000\050\000T\000e\000s\000t\000s\000\040\0002\0006\040\023\0003\0000\000\051}{}% 94
\BOOKMARK [2][-]{subsection.25.1}{\376\377\000F\000R\000B\000\040\000H\000e\000l\000i\000c\000a\000l\000\040\000P\000h\000a\000s\000e\000-\000D\000r\000i\000f\000t\000\040\000T\000e\000s\000t\000\040\000\050\000T\000e\000s\000t\000\040\0002\0006\000\051}{section.25}% 95
\BOOKMARK [2][-]{subsection.25.2}{\376\377\000R\000a\000d\000i\000a\000l\000-\000S\000e\000g\000m\000e\000n\000t\000\040\000H\000e\000l\000i\000c\000a\000l\000\040\000P\000i\000t\000c\000h\000\040\000T\000e\000s\000t\000\040\000\050\000T\000e\000s\000t\000\040\0002\0007\000\051}{section.25}% 96
\BOOKMARK [2][-]{subsection.25.3}{\376\377\000R\000e\000d\000s\000h\000i\000f\000t\000-\000S\000l\000i\000c\000e\000d\000\040\000H\000e\000l\000i\000c\000a\000l\000\040\000D\000r\000i\000f\000t\000\040\000\050\000T\000e\000s\000t\000\040\0002\0008\000\051}{section.25}% 97
\BOOKMARK [2][-]{subsection.25.4}{\376\377\000H\000a\000r\000m\000o\000n\000i\000c\000\040\000m\000-\000M\000o\000d\000e\000\040\000A\000z\000i\000m\000u\000t\000h\000a\000l\000\040\000S\000t\000r\000u\000c\000t\000u\000r\000e\000\040\000\050\000T\000e\000s\000t\000\040\0002\0009\000\051}{section.25}% 98
\BOOKMARK [2][-]{subsection.25.5}{\376\377\000C\000o\000m\000b\000i\000n\000e\000d\000\040\000C\000o\000s\000m\000i\000c\000-\000T\000w\000i\000s\000t\000\040\000E\000v\000o\000l\000u\000t\000i\000o\000n\000\040\000\050\000T\000e\000s\000t\000\040\0003\0000\000\051}{section.25}% 99
\BOOKMARK [1][-]{section.26}{\376\377\000H\000e\000l\000i\000c\000a\000l\000\040\000J\000a\000c\000k\000k\000n\000i\000f\000e\000\040\000S\000t\000a\000b\000i\000l\000i\000t\000y\000\040\000T\000e\000s\000t\000\040\000\050\000T\000e\000s\000t\000\040\0003\0006\000\051}{}% 100
\BOOKMARK [1][-]{section.27}{\376\377\000U\000n\000i\000f\000i\000e\000d\000-\000A\000x\000i\000s\000\040\000B\000a\000y\000e\000s\000i\000a\000n\000\040\000H\000a\000r\000m\000o\000n\000i\000c\000\040\000H\000e\000l\000i\000c\000i\000t\000y\000\040\000T\000e\000s\000t\000\040\000\050\000T\000e\000s\000t\000\040\0004\0001\000\051}{}% 101
\BOOKMARK [1][-]{section.28}{\376\377\000D\000i\000s\000c\000u\000s\000s\000i\000o\000n\000\040\000a\000n\000d\000\040\000o\000u\000t\000l\000o\000o\000k}{}% 102
\BOOKMARK [1][-]{section.29}{\376\377\000C\000o\000n\000c\000l\000u\000s\000i\000o\000n\000s}{}% 103
\BOOKMARK [1][-]{section.30}{\376\377\000F\000u\000t\000u\000r\000e\000\040\000p\000r\000o\000s\000p\000e\000c\000t\000s\000\040\000a\000n\000d\000\040\000o\000b\000s\000e\000r\000v\000a\000t\000i\000o\000n\000a\000l\000\040\000t\000e\000s\000t\000s}{}% 104
