This is pdfTeX, Version 3.141592653-2.6-1.40.27 (MiKTeX 25.4) (preloaded format=pdflatex 2025.11.20)  30 NOV 2025 07:54
entering extended mode
 restricted \write18 enabled.
 %&-line parsing enabled.
**./frb_unified_cosmic_paper_style.tex
(frb_unified_cosmic_paper_style.tex
LaTeX2e <2025-11-01>
L3 programming layer <2025-10-24>
(C:\Users\ratec\AppData\Local\Programs\MiKTeX\tex/latex/base\article.cls
Document Class: article 2025/01/22 v1.4n Standard LaTeX document class
(C:\Users\ratec\AppData\Local\Programs\MiKTeX\tex/latex/base\size11.clo
File: size11.clo 2025/01/22 v1.4n Standard LaTeX file (size option)
)
\c@part=\count275
\c@section=\count276
\c@subsection=\count277
\c@subsubsection=\count278
\c@paragraph=\count279
\c@subparagraph=\count280
\c@figure=\count281
\c@table=\count282
\abovecaptionskip=\skip49
\belowcaptionskip=\skip50
\bibindent=\dimen148
)
(C:\Users\ratec\AppData\Local\Programs\MiKTeX\tex/latex/geometry\geometry.sty
Package: geometry 2020/01/02 v5.9 Page Geometry

(C:\Users\ratec\AppData\Local\Programs\MiKTeX\tex/latex/graphics\keyval.sty
Package: keyval 2022/05/29 v1.15 key=value parser (DPC)
\KV@toks@=\toks17
)
(C:\Users\ratec\AppData\Local\Programs\MiKTeX\tex/generic/iftex\ifvtex.sty
Package: ifvtex 2019/10/25 v1.7 ifvtex legacy package. Use iftex instead.

(C:\Users\ratec\AppData\Local\Programs\MiKTeX\tex/generic/iftex\iftex.sty
Package: iftex 2024/12/12 v1.0g TeX engine tests
))
\Gm@cnth=\count283
\Gm@cntv=\count284
\c@Gm@tempcnt=\count285
\Gm@bindingoffset=\dimen149
\Gm@wd@mp=\dimen150
\Gm@odd@mp=\dimen151
\Gm@even@mp=\dimen152
\Gm@layoutwidth=\dimen153
\Gm@layoutheight=\dimen154
\Gm@layouthoffset=\dimen155
\Gm@layoutvoffset=\dimen156
\Gm@dimlist=\toks18

(C:\Users\ratec\AppData\Local\Programs\MiKTeX\tex/latex/geometry\geometry.cfg))
(C:\Users\ratec\AppData\Local\Programs\MiKTeX\tex/latex/amsmath\amsmath.sty
Package: amsmath 2025/07/09 v2.17z AMS math features
\@mathmargin=\skip51

For additional information on amsmath, use the `?' option.
(C:\Users\ratec\AppData\Local\Programs\MiKTeX\tex/latex/amsmath\amstext.sty
Package: amstext 2024/11/17 v2.01 AMS text

(C:\Users\ratec\AppData\Local\Programs\MiKTeX\tex/latex/amsmath\amsgen.sty
File: amsgen.sty 1999/11/30 v2.0 generic functions
\@emptytoks=\toks19
\ex@=\dimen157
))
(C:\Users\ratec\AppData\Local\Programs\MiKTeX\tex/latex/amsmath\amsbsy.sty
Package: amsbsy 1999/11/29 v1.2d Bold Symbols
\pmbraise@=\dimen158
)
(C:\Users\ratec\AppData\Local\Programs\MiKTeX\tex/latex/amsmath\amsopn.sty
Package: amsopn 2022/04/08 v2.04 operator names
)
\inf@bad=\count286
LaTeX Info: Redefining \frac on input line 233.
\uproot@=\count287
\leftroot@=\count288
LaTeX Info: Redefining \overline on input line 398.
LaTeX Info: Redefining \colon on input line 409.
\classnum@=\count289
\DOTSCASE@=\count290
LaTeX Info: Redefining \ldots on input line 495.
LaTeX Info: Redefining \dots on input line 498.
LaTeX Info: Redefining \cdots on input line 619.
\Mathstrutbox@=\box53
\strutbox@=\box54
LaTeX Info: Redefining \big on input line 721.
LaTeX Info: Redefining \Big on input line 722.
LaTeX Info: Redefining \bigg on input line 723.
LaTeX Info: Redefining \Bigg on input line 724.
\big@size=\dimen159
LaTeX Font Info:    Redeclaring font encoding OML on input line 742.
LaTeX Font Info:    Redeclaring font encoding OMS on input line 743.
\macc@depth=\count291
LaTeX Info: Redefining \bmod on input line 904.
LaTeX Info: Redefining \pmod on input line 909.
LaTeX Info: Redefining \smash on input line 939.
LaTeX Info: Redefining \relbar on input line 969.
LaTeX Info: Redefining \Relbar on input line 970.
\c@MaxMatrixCols=\count292
\dotsspace@=\muskip17
\c@parentequation=\count293
\dspbrk@lvl=\count294
\tag@help=\toks20
\row@=\count295
\column@=\count296
\maxfields@=\count297
\andhelp@=\toks21
\eqnshift@=\dimen160
\alignsep@=\dimen161
\tagshift@=\dimen162
\tagwidth@=\dimen163
\totwidth@=\dimen164
\lineht@=\dimen165
\@envbody=\toks22
\multlinegap=\skip52
\multlinetaggap=\skip53
\mathdisplay@stack=\toks23
LaTeX Info: Redefining \[ on input line 2950.
LaTeX Info: Redefining \] on input line 2951.
)
(C:\Users\ratec\AppData\Local\Programs\MiKTeX\tex/latex/amsfonts\amssymb.sty
Package: amssymb 2013/01/14 v3.01 AMS font symbols

(C:\Users\ratec\AppData\Local\Programs\MiKTeX\tex/latex/amsfonts\amsfonts.sty
Package: amsfonts 2013/01/14 v3.01 Basic AMSFonts support
\symAMSa=\mathgroup4
\symAMSb=\mathgroup5
LaTeX Font Info:    Redeclaring math symbol \hbar on input line 98.
LaTeX Font Info:    Overwriting math alphabet `\mathfrak' in version `bold'
(Font)                  U/euf/m/n --> U/euf/b/n on input line 106.
)) (C:\Users\ratec\AppData\Local\Programs\MiKTeX\tex/latex/hyperref\hyperref.st
y
Package: hyperref 2025-07-12 v7.01o Hypertext links for LaTeX

(C:\Users\ratec\AppData\Local\Programs\MiKTeX\tex/latex/kvsetkeys\kvsetkeys.sty
Package: kvsetkeys 2022-10-05 v1.19 Key value parser (HO)
)
(C:\Users\ratec\AppData\Local\Programs\MiKTeX\tex/generic/kvdefinekeys\kvdefine
keys.sty
Package: kvdefinekeys 2019-12-19 v1.6 Define keys (HO)
)
(C:\Users\ratec\AppData\Local\Programs\MiKTeX\tex/generic/pdfescape\pdfescape.s
ty
Package: pdfescape 2019/12/09 v1.15 Implements pdfTeX's escape features (HO)

(C:\Users\ratec\AppData\Local\Programs\MiKTeX\tex/generic/ltxcmds\ltxcmds.sty
Package: ltxcmds 2023-12-04 v1.26 LaTeX kernel commands for general use (HO)
)
(C:\Users\ratec\AppData\Local\Programs\MiKTeX\tex/generic/pdftexcmds\pdftexcmds
.sty
Package: pdftexcmds 2020-06-27 v0.33 Utility functions of pdfTeX for LuaTeX (HO
)

(C:\Users\ratec\AppData\Local\Programs\MiKTeX\tex/generic/infwarerr\infwarerr.s
ty
Package: infwarerr 2019/12/03 v1.5 Providing info/warning/error messages (HO)
)
Package pdftexcmds Info: \pdf@primitive is available.
Package pdftexcmds Info: \pdf@ifprimitive is available.
Package pdftexcmds Info: \pdfdraftmode found.
))
(C:\Users\ratec\AppData\Local\Programs\MiKTeX\tex/latex/hycolor\hycolor.sty
Package: hycolor 2020-01-27 v1.10 Color options for hyperref/bookmark (HO)
)
(C:\Users\ratec\AppData\Local\Programs\MiKTeX\tex/latex/hyperref\nameref.sty
Package: nameref 2025-06-21 v2.57 Cross-referencing by name of section

(C:\Users\ratec\AppData\Local\Programs\MiKTeX\tex/latex/refcount\refcount.sty
Package: refcount 2019/12/15 v3.6 Data extraction from label references (HO)
)
(C:\Users\ratec\AppData\Local\Programs\MiKTeX\tex/generic/gettitlestring\gettit
lestring.sty
Package: gettitlestring 2019/12/15 v1.6 Cleanup title references (HO)

(C:\Users\ratec\AppData\Local\Programs\MiKTeX\tex/latex/kvoptions\kvoptions.sty
Package: kvoptions 2022-06-15 v3.15 Key value format for package options (HO)
))
\c@section@level=\count298
)
(C:\Users\ratec\AppData\Local\Programs\MiKTeX\tex/latex/etoolbox\etoolbox.sty
Package: etoolbox 2025/10/02 v2.5m e-TeX tools for LaTeX (JAW)
\etb@tempcnta=\count299
)
(C:\Users\ratec\AppData\Local\Programs\MiKTeX\tex/generic/stringenc\stringenc.s
ty
Package: stringenc 2019/11/29 v1.12 Convert strings between diff. encodings (HO
)
)
\@linkdim=\dimen166
\Hy@linkcounter=\count300
\Hy@pagecounter=\count301
 (C:\Users\ratec\AppData\Local\Programs\MiKTeX\tex/latex/hyperref\pd1enc.def
File: pd1enc.def 2025-07-12 v7.01o Hyperref: PDFDocEncoding definition (HO)
Now handling font encoding PD1 ...
... no UTF-8 mapping file for font encoding PD1
) (C:\Users\ratec\AppData\Local\Programs\MiKTeX\tex/generic/intcalc\intcalc.sty
Package: intcalc 2019/12/15 v1.3 Expandable calculations with integers (HO)
)
\Hy@SavedSpaceFactor=\count302
 (C:\Users\ratec\AppData\Local\Programs\MiKTeX\tex/latex/hyperref\puenc.def
File: puenc.def 2025-07-12 v7.01o Hyperref: PDF Unicode definition (HO)
Now handling font encoding PU ...
... no UTF-8 mapping file for font encoding PU
)
Package hyperref Info: Hyper figures OFF on input line 4195.
Package hyperref Info: Link nesting OFF on input line 4200.
Package hyperref Info: Hyper index ON on input line 4203.
Package hyperref Info: Plain pages OFF on input line 4210.
Package hyperref Info: Backreferencing OFF on input line 4215.
Package hyperref Info: Implicit mode ON; LaTeX internals redefined.
Package hyperref Info: Bookmarks ON on input line 4462.
\c@Hy@tempcnt=\count303

(C:\Users\ratec\AppData\Local\Programs\MiKTeX\tex/latex/url\url.sty
\Urlmuskip=\muskip18
Package: url 2013/09/16  ver 3.4  Verb mode for urls, etc.
)
LaTeX Info: Redefining \url on input line 4801.
\XeTeXLinkMargin=\dimen167

(C:\Users\ratec\AppData\Local\Programs\MiKTeX\tex/generic/bitset\bitset.sty
Package: bitset 2019/12/09 v1.3 Handle bit-vector datatype (HO)

(C:\Users\ratec\AppData\Local\Programs\MiKTeX\tex/generic/bigintcalc\bigintcalc
.sty
Package: bigintcalc 2019/12/15 v1.5 Expandable calculations on big integers (HO
)
))
\Fld@menulength=\count304
\Field@Width=\dimen168
\Fld@charsize=\dimen169
Package hyperref Info: Hyper figures OFF on input line 6078.
Package hyperref Info: Link nesting OFF on input line 6083.
Package hyperref Info: Hyper index ON on input line 6086.
Package hyperref Info: backreferencing OFF on input line 6093.
Package hyperref Info: Link coloring OFF on input line 6098.
Package hyperref Info: Link coloring with OCG OFF on input line 6103.
Package hyperref Info: PDF/A mode OFF on input line 6108.
\Hy@abspage=\count305
\c@Item=\count306
\c@Hfootnote=\count307
)
Package hyperref Info: Driver (autodetected): hpdftex.

(C:\Users\ratec\AppData\Local\Programs\MiKTeX\tex/latex/hyperref\hpdftex.def
File: hpdftex.def 2025-07-12 v7.01o Hyperref driver for pdfTeX
\Fld@listcount=\count308
\c@bookmark@seq@number=\count309

(C:\Users\ratec\AppData\Local\Programs\MiKTeX\tex/latex/rerunfilecheck\rerunfil
echeck.sty
Package: rerunfilecheck 2025-06-21 v1.11 Rerun checks for auxiliary files (HO)

(C:\Users\ratec\AppData\Local\Programs\MiKTeX\tex/generic/uniquecounter\uniquec
ounter.sty
Package: uniquecounter 2019/12/15 v1.4 Provide unlimited unique counter (HO)
)
Package uniquecounter Info: New unique counter `rerunfilecheck' on input line 2
84.
)
\Hy@SectionHShift=\skip54
)
(C:\Users\ratec\AppData\Local\Programs\MiKTeX\tex/latex/psnfss\times.sty
Package: times 2020/03/25 PSNFSS-v9.3 (SPQR) 
)
(C:\Users\ratec\AppData\Local\Programs\MiKTeX\tex/latex/base\inputenc.sty
Package: inputenc 2024/02/08 v1.3d Input encoding file
\inpenc@prehook=\toks24
\inpenc@posthook=\toks25
)
(C:\Users\ratec\AppData\Local\Programs\MiKTeX\tex/latex/base\fontenc.sty
Package: fontenc 2025/07/18 v2.1d Standard LaTeX package
LaTeX Font Info:    Trying to load font information for T1+ptm on input line 11
6.

(C:\Users\ratec\AppData\Local\Programs\MiKTeX\tex/latex/psnfss\t1ptm.fd
File: t1ptm.fd 2001/06/04 font definitions for T1/ptm.
))
(C:\Users\ratec\AppData\Local\Programs\MiKTeX\tex/latex/graphics\graphicx.sty
Package: graphicx 2024/12/31 v1.2e Enhanced LaTeX Graphics (DPC,SPQR)

(C:\Users\ratec\AppData\Local\Programs\MiKTeX\tex/latex/graphics\graphics.sty
Package: graphics 2024/08/06 v1.4g Standard LaTeX Graphics (DPC,SPQR)

(C:\Users\ratec\AppData\Local\Programs\MiKTeX\tex/latex/graphics\trig.sty
Package: trig 2023/12/02 v1.11 sin cos tan (DPC)
)
(C:\Users\ratec\AppData\Local\Programs\MiKTeX\tex/latex/graphics-cfg\graphics.c
fg
File: graphics.cfg 2016/06/04 v1.11 sample graphics configuration
)
Package graphics Info: Driver file: pdftex.def on input line 106.

(C:\Users\ratec\AppData\Local\Programs\MiKTeX\tex/latex/graphics-def\pdftex.def
File: pdftex.def 2025/09/29 v1.2d Graphics/color driver for pdftex
))
\Gin@req@height=\dimen170
\Gin@req@width=\dimen171
)
(C:\Users\ratec\AppData\Local\Programs\MiKTeX\tex/latex/booktabs\booktabs.sty
Package: booktabs 2020/01/12 v1.61803398 Publication quality tables
\heavyrulewidth=\dimen172
\lightrulewidth=\dimen173
\cmidrulewidth=\dimen174
\belowrulesep=\dimen175
\belowbottomsep=\dimen176
\aboverulesep=\dimen177
\abovetopsep=\dimen178
\cmidrulesep=\dimen179
\cmidrulekern=\dimen180
\defaultaddspace=\dimen181
\@cmidla=\count310
\@cmidlb=\count311
\@aboverulesep=\dimen182
\@belowrulesep=\dimen183
\@thisruleclass=\count312
\@lastruleclass=\count313
\@thisrulewidth=\dimen184
)
(C:\Users\ratec\AppData\Local\Programs\MiKTeX\tex/latex/l3backend\l3backend-pdf
tex.def
File: l3backend-pdftex.def 2025-10-09 L3 backend support: PDF output (pdfTeX)
\l__color_backend_stack_int=\count314
) (frb_unified_cosmic_paper_style.aux)
\openout1 = `frb_unified_cosmic_paper_style.aux'.

LaTeX Font Info:    Checking defaults for OML/cmm/m/it on input line 17.
LaTeX Font Info:    ... okay on input line 17.
LaTeX Font Info:    Checking defaults for OMS/cmsy/m/n on input line 17.
LaTeX Font Info:    ... okay on input line 17.
LaTeX Font Info:    Checking defaults for OT1/cmr/m/n on input line 17.
LaTeX Font Info:    ... okay on input line 17.
LaTeX Font Info:    Checking defaults for T1/cmr/m/n on input line 17.
LaTeX Font Info:    ... okay on input line 17.
LaTeX Font Info:    Checking defaults for TS1/cmr/m/n on input line 17.
LaTeX Font Info:    ... okay on input line 17.
LaTeX Font Info:    Checking defaults for OMX/cmex/m/n on input line 17.
LaTeX Font Info:    ... okay on input line 17.
LaTeX Font Info:    Checking defaults for U/cmr/m/n on input line 17.
LaTeX Font Info:    ... okay on input line 17.
LaTeX Font Info:    Checking defaults for PD1/pdf/m/n on input line 17.
LaTeX Font Info:    ... okay on input line 17.
LaTeX Font Info:    Checking defaults for PU/pdf/m/n on input line 17.
LaTeX Font Info:    ... okay on input line 17.

*geometry* driver: auto-detecting
*geometry* detected driver: pdftex
*geometry* verbose mode - [ preamble ] result:
* driver: pdftex
* paper: a4paper
* layout: <same size as paper>
* layoutoffset:(h,v)=(0.0pt,0.0pt)
* modes: 
* h-part:(L,W,R)=(72.26999pt, 452.9679pt, 72.26999pt)
* v-part:(T,H,B)=(72.26999pt, 700.50687pt, 72.26999pt)
* \paperwidth=597.50787pt
* \paperheight=845.04684pt
* \textwidth=452.9679pt
* \textheight=700.50687pt
* \oddsidemargin=0.0pt
* \evensidemargin=0.0pt
* \topmargin=-37.0pt
* \headheight=12.0pt
* \headsep=25.0pt
* \topskip=11.0pt
* \footskip=30.0pt
* \marginparwidth=59.0pt
* \marginparsep=10.0pt
* \columnsep=10.0pt
* \skip\footins=10.0pt plus 4.0pt minus 2.0pt
* \hoffset=0.0pt
* \voffset=0.0pt
* \mag=1000
* \@twocolumnfalse
* \@twosidefalse
* \@mparswitchfalse
* \@reversemarginfalse
* (1in=72.27pt=25.4mm, 1cm=28.453pt)

Package hyperref Info: Link coloring OFF on input line 17.
(frb_unified_cosmic_paper_style.out) (frb_unified_cosmic_paper_style.out)
\@outlinefile=\write3
\openout3 = `frb_unified_cosmic_paper_style.out'.


(C:\Users\ratec\AppData\Local\Programs\MiKTeX\tex/context/base/mkii\supp-pdf.mk
ii
[Loading MPS to PDF converter (version 2006.09.02).]
\scratchcounter=\count315
\scratchdimen=\dimen185
\scratchbox=\box55
\nofMPsegments=\count316
\nofMParguments=\count317
\everyMPshowfont=\toks26
\MPscratchCnt=\count318
\MPscratchDim=\dimen186
\MPnumerator=\count319
\makeMPintoPDFobject=\count320
\everyMPtoPDFconversion=\toks27
)
(C:\Users\ratec\AppData\Local\Programs\MiKTeX\tex/latex/epstopdf-pkg\epstopdf-b
ase.sty
Package: epstopdf-base 2020-01-24 v2.11 Base part for package epstopdf
Package epstopdf-base Info: Redefining graphics rule for `.eps' on input line 4
85.

(C:\Users\ratec\AppData\Local\Programs\MiKTeX\tex/latex/00miktex\epstopdf-sys.c
fg
File: epstopdf-sys.cfg 2021/03/18 v2.0 Configuration of epstopdf for MiKTeX
))
LaTeX Font Info:    Trying to load font information for U+msa on input line 19.

 (C:\Users\ratec\AppData\Local\Programs\MiKTeX\tex/latex/amsfonts\umsa.fd
File: umsa.fd 2013/01/14 v3.01 AMS symbols A
)
LaTeX Font Info:    Trying to load font information for U+msb on input line 19.


(C:\Users\ratec\AppData\Local\Programs\MiKTeX\tex/latex/amsfonts\umsb.fd
File: umsb.fd 2013/01/14 v3.01 AMS symbols B
)
LaTeX Font Info:    Trying to load font information for T1+pcr on input line 44
.

(C:\Users\ratec\AppData\Local\Programs\MiKTeX\tex/latex/psnfss\t1pcr.fd
File: t1pcr.fd 2001/06/04 font definitions for T1/pcr.
)
LaTeX Font Info:    Trying to load font information for TS1+ptm on input line 5
3.

(C:\Users\ratec\AppData\Local\Programs\MiKTeX\tex/latex/psnfss\ts1ptm.fd
File: ts1ptm.fd 2001/06/04 font definitions for TS1/ptm.
)
Overfull \hbox (25.74356pt too wide) in paragraph at lines 53--55
[]\T1/ptm/m/n/10.95 A CMB hemi-spher-i-cal asym-me-try axis de-rived from Planc
k low-$\OML/cmm/m/it/10.95 `$ \T1/ptm/m/n/10.95 anal-y-ses, at $\OT1/cmr/m/n/10
.95 (\OML/cmm/m/it/10.95 `; b\OT1/cmr/m/n/10.95 ) \OMS/cmsy/m/n/10.95 ^^Y \OT1/
cmr/m/n/10.95 (152\OML/cmm/m/it/10.95 :\OT1/cmr/m/n/10.95 62[]\OML/cmm/m/it/10.
95 ; \OT1/cmr/m/n/10.95 4\OML/cmm/m/it/10.95 :\OT1/cmr/m/n/10.95 03[])$\T1/ptm/
m/n/10.95 . 
 []


Overfull \hbox (36.66124pt too wide) in paragraph at lines 55--57
[]\T1/ptm/m/n/10.95 A uni-fied FRB axis in-ferred from FRB sky dis-tri-bu-tions
 and side-real sig-nals, at $\OT1/cmr/m/n/10.95 (\OML/cmm/m/it/10.95 `; b\OT1/c
mr/m/n/10.95 ) \OMS/cmsy/m/n/10.95 ^^Y \OT1/cmr/m/n/10.95 (159\OML/cmm/m/it/10.
95 :\OT1/cmr/m/n/10.95 85[]\OML/cmm/m/it/10.95 ; \OMS/cmsy/m/n/10.95 ^^@\OT1/cm
r/m/n/10.95 0\OML/cmm/m/it/10.95 :\OT1/cmr/m/n/10.95 51[])$\T1/ptm/m/n/10.95 . 

 []


Overfull \hbox (1.63089pt too wide) in paragraph at lines 65--68
\T1/ptm/m/n/10.95 Scripts such as \T1/pcr/m/n/10.95 refined_unified_axis_test.p
y\T1/ptm/m/n/10.95 , \T1/pcr/m/n/10.95 axis_alignment_significance.py\T1/ptm/m/
n/10.95 ,
 []

[1

{C:/Users/ratec/AppData/Local/MiKTeX/fonts/map/pdftex/pdftex.map}{C:/Users/rate
c/AppData/Local/Programs/MiKTeX/fonts/enc/dvips/base/8r.enc}]
Overfull \hbox (83.29626pt too wide) in paragraph at lines 117--121
\T1/ptm/m/n/10.95 Scripts \T1/pcr/m/n/10.95 frb_axis_shell_scan.py\T1/ptm/m/n/1
0.95 , \T1/pcr/m/n/10.95 cone_fit.py\T1/ptm/m/n/10.95 , \T1/pcr/m/n/10.95 layer
_profile.py\T1/ptm/m/n/10.95 , \T1/pcr/m/n/10.95 frb_shell_significance.py\T1/p
tm/m/n/10.95 ,
 []


Overfull \hbox (2.88316pt too wide) in paragraph at lines 144--149
\T1/ptm/m/n/10.95 ble axes by com-par-ing its banded $\OML/cmm/m/it/10.95 ^^_[]
$ \T1/ptm/m/n/10.95 to those from many ran-dom axes. \T1/pcr/m/n/10.95 frb_cone
_axis_solver.py
 []

[2]
Overfull \hbox (58.63689pt too wide) in paragraph at lines 152--162
\T1/ptm/m/n/10.95 Scripts \T1/pcr/m/n/10.95 frb_residual_cone_test.py\T1/ptm/m/
n/10.95 , \T1/pcr/m/n/10.95 frb_residual_cone_test2.py\T1/ptm/m/n/10.95 , \T1/p
cr/m/n/10.95 cone_fit_residual.py\T1/ptm/m/n/10.95 ,
 []


Overfull \hbox (7.57692pt too wide) in paragraph at lines 165--170
\T1/ptm/m/n/10.95 Scripts \T1/pcr/m/n/10.95 frb_parameter_sky_correlation.py \T
1/ptm/m/n/10.95 and \T1/pcr/m/n/10.95 frb_parameter_axis_test.py \T1/ptm/m/n/10
.95 probe
 []


Overfull \hbox (73.79161pt too wide) in paragraph at lines 181--187
\T1/ptm/m/n/10.95 Scripts \T1/pcr/m/n/10.95 frb_frequency_layer_test.py\T1/ptm/
m/n/10.95 , \T1/pcr/m/n/10.95 frb_dm_layer_test.py\T1/ptm/m/n/10.95 , and \T1/p
cr/m/n/10.95 frb_energy_layer_test.py
 []


Overfull \hbox (26.40488pt too wide) in paragraph at lines 204--215
[]\T1/ptm/m/n/10.95 Shape in-fer-ence is ad-dressed by \T1/pcr/m/n/10.95 frb_sh
ape_inference.py\T1/ptm/m/n/10.95 , \T1/pcr/m/n/10.95 frb_radial_function_fit.p
y\T1/ptm/m/n/10.95 ,
 []

[3]
Overfull \hbox (137.59358pt too wide) in paragraph at lines 218--224
\T1/ptm/m/n/10.95 mov-ing dif-fer-ent sky re-gions, quan-ti-fy-ing the ro-bust-
ness of the axis and its as-so-ci-ated struc-ture. \T1/pcr/m/n/10.95 frb_hemisp
here_stability.py
 []

[4] [5]

Package hyperref Warning: Token not allowed in a PDF string (Unicode):
(hyperref)                removing `math shift' on input line 383.


Package hyperref Warning: Token not allowed in a PDF string (Unicode):
(hyperref)                removing `\ell' on input line 383.


Package hyperref Warning: Token not allowed in a PDF string (Unicode):
(hyperref)                removing `math shift' on input line 383.

[6] [7] [8] [9]
Overfull \hbox (10.07442pt too wide) in paragraph at lines 668--674
[]\T1/ptm/m/n/10.95 We em-pha-size that this test iso-lates a sin-gle mechanism
---direction-dependent sensitivity---and demon-
 []

[10]

Package hyperref Warning: Token not allowed in a PDF string (Unicode):
(hyperref)                removing `math shift' on input line 735.


Package hyperref Warning: Token not allowed in a PDF string (Unicode):
(hyperref)                removing `\phi' on input line 735.


Package hyperref Warning: Token not allowed in a PDF string (Unicode):
(hyperref)                removing `math shift' on input line 735.

[11]
<frb_cosmology_model_fit.png, id=497, 867.24pt x 722.7pt>
File: frb_cosmology_model_fit.png Graphic file (type png)
<use frb_cosmology_model_fit.png>
Package pdftex.def Info: frb_cosmology_model_fit.png  used on input line 856.
(pdftex.def)             Requested size: 385.02547pt x 320.85612pt.
 [12] [13 <./frb_cosmology_model_fit.png>] [14] [15]
Overfull \hbox (1.39061pt too wide) in paragraph at lines 1125--1131
[]\T1/ptm/m/n/10.95 the ev-i-dence re-sult is fully con-sis-tent with the redsh
ift-split tests, mask-ing anal-y-ses, dipole-subtracted
 []

[16]
Overfull \hbox (74.66264pt too wide) in paragraph at lines 1151--1154
[]\T1/ptm/m/n/10.95 The unified-axis co-or-di-nates $\OT1/cmr/m/n/10.95 (\OML/c
mm/m/it/10.95 ^^R[]; ^^^[]\OT1/cmr/m/n/10.95 )$ \T1/ptm/m/n/10.95 were com-pute
d us-ing the \T1/pcr/m/n/10.95 frb_make_unified_axis_frame.py
 []

[17]

Package hyperref Warning: Token not allowed in a PDF string (Unicode):
(hyperref)                removing `math shift' on input line 1254.


Package hyperref Warning: Token not allowed in a PDF string (Unicode):
(hyperref)                removing `\ell' on input line 1254.


Package hyperref Warning: Token not allowed in a PDF string (Unicode):
(hyperref)                removing `math shift' on input line 1254.

[18]

LaTeX Warning: Reference `fig:frb_lowell_power' on page 19 undefined on input l
ine 1321.


LaTeX Warning: Reference `fig:frb_lowell_map' on page 19 undefined on input lin
e 1321.

[19]
Overfull \hbox (10.98465pt too wide) in paragraph at lines 1408--1410
[]\T1/ptm/m/n/10.95 Taken to-gether, the Bayesian model land-scape over-whelm-i
ngly sup-ports the non-axisymmetric warped-
 []


Package hyperref Warning: Token not allowed in a PDF string (Unicode):
(hyperref)                removing `math shift' on input line 1411.


Package hyperref Warning: Token not allowed in a PDF string (Unicode):
(hyperref)                removing `\ell' on input line 1411.


Package hyperref Warning: Token not allowed in a PDF string (Unicode):
(hyperref)                removing `math shift' on input line 1411.

[20] [21]

Package hyperref Warning: Token not allowed in a PDF string (Unicode):
(hyperref)                removing `math shift' on input line 1517.


Package hyperref Warning: Token not allowed in a PDF string (Unicode):
(hyperref)                removing `\ell' on input line 1517.


Package hyperref Warning: Token not allowed in a PDF string (Unicode):
(hyperref)                removing `math shift' on input line 1517.


Overfull \hbox (11.93237pt too wide) in paragraph at lines 1524--1528
[]\T1/ptm/m/n/10.95 Starting from the unified-axis cat-a-logue \T1/pcr/m/n/10.9
5 frbs_unified.csv\T1/ptm/m/n/10.95 , which con-tains $\OT1/cmr/m/n/10.95 (\OML
/cmm/m/it/10.95 ^^R[]; ^^^[]; z[]\OT1/cmr/m/n/10.95 )$
 []

[22]
Overfull \hbox (71.82765pt too wide) in paragraph at lines 1632--1648
 [][] 
 []


LaTeX Warning: `!h' float specifier changed to `!ht'.

[23]
Overfull \hbox (14.09923pt too wide) in paragraph at lines 1677--1681
\T1/ptm/m/n/10.95 spher-i-cal^^Uharmonic to-mog-ra-phy anal-y-sis in the unifie
d--axis frame. The uni-fied cat-a-logue (frbs_unified.csv)
 []

[24]

LaTeX Warning: Reference `fig:frb_warp_vs_z' on page 25 undefined on input line
 1708.


Overfull \hbox (17.50333pt too wide) in paragraph at lines 1754--1761
\T1/ptm/m/n/10.95 To as-sess whether the FRB anisotropy varies across cos-mic d
is-tance, we per-formed a fully three^^Udimensional
 []

[25]

LaTeX Warning: Reference `fig:frb-3d-unified-likelihood' on page 26 undefined o
n input line 1795.

[26] [27]
<frb_vector_helicity.png, id=618, 578.16pt x 361.35pt>
File: frb_vector_helicity.png Graphic file (type png)
<use frb_vector_helicity.png>
Package pdftex.def Info: frb_vector_helicity.png  used on input line 1940.
(pdftex.def)             Requested size: 339.72592pt x 212.329pt.

Overfull \hbox (1.15544pt too wide) in paragraph at lines 1952--1957
\T1/ptm/m/n/10.95 The vector--spherical--harmonic he-lic-ity test de-ci-sively 
rules out isotropy and sim-ple ax-isym-met-ric shells.
 []

[28 <./frb_vector_helicity.png>]

LaTeX Warning: Reference `fig:test17_curvature' on page 29 undefined on input l
ine 2030.

[29] [30] [31] [32] [33] [34]
Overfull \hbox (9.99258pt too wide) in paragraph at lines 2463--2467
[]\T1/ptm/b/n/10.95 3D spher-i-cal^^UBessel to-mog-ra-phy (Test 15): \T1/ptm/m/
n/10.95 In-clud-ing ra-dial Bessel modes en-hances the anisotropy
 []

[35] [36]

Package hyperref Warning: Token not allowed in a PDF string (Unicode):
(hyperref)                removing `math shift' on input line 2667.


Package hyperref Warning: Token not allowed in a PDF string (Unicode):
(hyperref)                removing `math shift' on input line 2667.

[37] [38] [39] [40] [41] [42] [43] (frb_unified_cosmic_paper_style.aux)
 ***********
LaTeX2e <2025-11-01>
L3 programming layer <2025-10-24>
 ***********


LaTeX Warning: There were undefined references.

Package rerunfilecheck Info: File `frb_unified_cosmic_paper_style.out' has not 
changed.
(rerunfilecheck)             Checksum: 069F0ACBFF212AC1758C14B1950093A0;23151.
 ) 
Here is how much of TeX's memory you used:
 10984 strings out of 467870
 166586 string characters out of 5418354
 576390 words of memory out of 5000000
 39463 multiletter control sequences out of 15000+600000
 673884 words of font info for 110 fonts, out of 8000000 for 9000
 1141 hyphenation exceptions out of 8191
 75i,13n,79p,618b,541s stack positions out of 10000i,1000n,20000p,200000b,200000s
<C:/Users/ratec/AppData/Local/Programs/MiKTeX/fonts/type1/public/amsfonts/cm/
cmbx10.pfb><C:/Users/ratec/AppData/Local/Programs/MiKTeX/fonts/type1/public/ams
fonts/cm/cmex10.pfb><C:/Users/ratec/AppData/Local/Programs/MiKTeX/fonts/type1/p
ublic/amsfonts/cm/cmmi10.pfb><C:/Users/ratec/AppData/Local/Programs/MiKTeX/font
s/type1/public/amsfonts/cm/cmmi12.pfb><C:/Users/ratec/AppData/Local/Programs/Mi
KTeX/fonts/type1/public/amsfonts/cm/cmmi8.pfb><C:/Users/ratec/AppData/Local/Pro
grams/MiKTeX/fonts/type1/public/amsfonts/cm/cmr10.pfb><C:/Users/ratec/AppData/L
ocal/Programs/MiKTeX/fonts/type1/public/amsfonts/cm/cmr12.pfb><C:/Users/ratec/A
ppData/Local/Programs/MiKTeX/fonts/type1/public/amsfonts/cm/cmr6.pfb><C:/Users/
ratec/AppData/Local/Programs/MiKTeX/fonts/type1/public/amsfonts/cm/cmr7.pfb><C:
/Users/ratec/AppData/Local/Programs/MiKTeX/fonts/type1/public/amsfonts/cm/cmr8.
pfb><C:/Users/ratec/AppData/Local/Programs/MiKTeX/fonts/type1/public/amsfonts/c
m/cmsy10.pfb><C:/Users/ratec/AppData/Local/Programs/MiKTeX/fonts/type1/public/a
msfonts/cm/cmsy8.pfb><C:/Users/ratec/AppData/Local/Programs/MiKTeX/fonts/type1/
public/amsfonts/symbols/msam10.pfb><C:/Users/ratec/AppData/Local/Programs/MiKTe
X/fonts/type1/urw/courier/ucrr8a.pfb><C:/Users/ratec/AppData/Local/Programs/MiK
TeX/fonts/type1/urw/times/utmb8a.pfb><C:/Users/ratec/AppData/Local/Programs/MiK
TeX/fonts/type1/urw/times/utmr8a.pfb><C:/Users/ratec/AppData/Local/Programs/MiK
TeX/fonts/type1/urw/times/utmri8a.pfb>
Output written on frb_unified_cosmic_paper_style.pdf (43 pages, 574414 bytes).
PDF statistics:
 857 PDF objects out of 1000 (max. 8388607)
 253 named destinations out of 1000 (max. 500000)
 843 words of extra memory for PDF output out of 10000 (max. 10000000)

